<?xml version="1.0" encoding="UTF-8"?>
<!-- Generated by org.testng.reporters.JUnitXMLReporter -->
<testsuite ignored="0" hostname="DESKTOP-S4B5J1M" failures="0" tests="1" name="Module1" time="14.58" errors="0" timestamp="2023-08-23T00:39:47 IST">
  <testcase classname="Module1_login_Test.PBLoginTest1" name="@BeforeMethod loginToApp" time="4.779">
    <failure type="org.openqa.selenium.ElementClickInterceptedException" message="element click intercepted: Element &amp;lt;span id=&amp;quot;central-login-sign-in-with-password-span&amp;quot;&amp;gt;...&amp;lt;/span&amp;gt; is not clickable at point (674, 465). Other element would receive the click: &amp;lt;li class=&amp;quot;country-drop-down-list-container&amp;quot; countryicon=&amp;quot;https://caccount.policybazaar.com/Content/countryIcon/au.svg&amp;quot; countrycode=&amp;quot;61&amp;quot; countryname=&amp;quot;AUSTRALIA&amp;quot;&amp;gt;...&amp;lt;/li&amp;gt;
  (Session info: chrome=115.0.5790.171)
Build info: version: &amp;apos;4.9.0&amp;apos;, revision: &amp;apos;d7057100a6&amp;apos;
System info: os.name: &amp;apos;Windows 10&amp;apos;, os.arch: &amp;apos;amd64&amp;apos;, os.version: &amp;apos;10.0&amp;apos;, java.version: &amp;apos;18&amp;apos;
Driver info: org.openqa.selenium.chrome.ChromeDriver
Command: [0339d80f0c908885c44ef230d171607f, clickElement {id=14932C3AC4E701A926F1F9ECDEC1B9E4_element_62}]
Capabilities {acceptInsecureCerts: false, browserName: chrome, browserVersion: 115.0.5790.171, chrome: {chromedriverVersion: 114.0.5735.90 (386bc09e8f4f..., userDataDir: C:\Users\Shree\AppData\Loca...}, goog:chromeOptions: {debuggerAddress: localhost:62828}, networkConnectionEnabled: false, pageLoadStrategy: normal, platformName: WINDOWS, proxy: Proxy(), se:cdp: ws://localhost:62828/devtoo..., se:cdpVersion: 115.0.5790.171, setWindowRect: true, strictFileInteractability: false, timeouts: {implicit: 0, pageLoad: 300000, script: 30000}, unhandledPromptBehavior: dismiss and notify, webauthn:extension:credBlob: true, webauthn:extension:largeBlob: true, webauthn:extension:minPinLength: true, webauthn:extension:prf: true, webauthn:virtualAuthenticators: true}
Element: [[ChromeDriver: chrome on WINDOWS (0339d80f0c908885c44ef230d171607f)] -&amp;gt; xpath: (//span[text()=&amp;apos;Sign in with Password&amp;apos;])[2]]
Session ID: 0339d80f0c908885c44ef230d171607f">
      <![CDATA[org.openqa.selenium.ElementClickInterceptedException: element click intercepted: Element <span id="central-login-sign-in-with-password-span">...</span> is not clickable at point (674, 465). Other element would receive the click: <li class="country-drop-down-list-container" countryicon="https://caccount.policybazaar.com/Content/countryIcon/au.svg" countrycode="61" countryname="AUSTRALIA">...</li>
  (Session info: chrome=115.0.5790.171)
Build info: version: '4.9.0', revision: 'd7057100a6'
System info: os.name: 'Windows 10', os.arch: 'amd64', os.version: '10.0', java.version: '18'
Driver info: org.openqa.selenium.chrome.ChromeDriver
Command: [0339d80f0c908885c44ef230d171607f, clickElement {id=14932C3AC4E701A926F1F9ECDEC1B9E4_element_62}]
Capabilities {acceptInsecureCerts: false, browserName: chrome, browserVersion: 115.0.5790.171, chrome: {chromedriverVersion: 114.0.5735.90 (386bc09e8f4f..., userDataDir: C:\Users\Shree\AppData\Loca...}, goog:chromeOptions: {debuggerAddress: localhost:62828}, networkConnectionEnabled: false, pageLoadStrategy: normal, platformName: WINDOWS, proxy: Proxy(), se:cdp: ws://localhost:62828/devtoo..., se:cdpVersion: 115.0.5790.171, setWindowRect: true, strictFileInteractability: false, timeouts: {implicit: 0, pageLoad: 300000, script: 30000}, unhandledPromptBehavior: dismiss and notify, webauthn:extension:credBlob: true, webauthn:extension:largeBlob: true, webauthn:extension:minPinLength: true, webauthn:extension:prf: true, webauthn:virtualAuthenticators: true}
Element: [[ChromeDriver: chrome on WINDOWS (0339d80f0c908885c44ef230d171607f)] -> xpath: (//span[text()='Sign in with Password'])[2]]
Session ID: 0339d80f0c908885c44ef230d171607f
at org.openqa.selenium.remote.codec.w3c.W3CHttpResponseCodec.createException(W3CHttpResponseCodec.java:200)
at org.openqa.selenium.remote.codec.w3c.W3CHttpResponseCodec.decode(W3CHttpResponseCodec.java:133)
at org.openqa.selenium.remote.codec.w3c.W3CHttpResponseCodec.decode(W3CHttpResponseCodec.java:53)
at org.openqa.selenium.remote.HttpCommandExecutor.execute(HttpCommandExecutor.java:193)
at org.openqa.selenium.remote.service.DriverCommandExecutor.invokeExecute(DriverCommandExecutor.java:183)
at org.openqa.selenium.remote.service.DriverCommandExecutor.execute(DriverCommandExecutor.java:158)
at org.openqa.selenium.remote.RemoteWebDriver.execute(RemoteWebDriver.java:543)
at org.openqa.selenium.remote.RemoteWebElement.execute(RemoteWebElement.java:257)
at org.openqa.selenium.remote.RemoteWebElement.click(RemoteWebElement.java:78)
at org.openqa.selenium.support.pagefactory.internal.LocatingElementHandler.invoke(LocatingElementHandler.java:52)
at jdk.proxy2/jdk.proxy2.$Proxy19.click(Unknown Source)
at Module1_Login.PBMobNumPage.clickPBMobNumPageSignInWithPwd(PBMobNumPage.java:45)
at Module1_login_Test.PBLoginTest1.loginToApp(PBLoginTest1.java:71)
at java.base/java.util.ArrayList.forEach(ArrayList.java:1511)
... Removed 34 stack frames]]>
    </failure>
  </testcase> <!-- @BeforeMethod loginToApp -->
  <testcase classname="Module1_login_Test.PBLoginTest1" name="@AfterMethod name" time="-1.692731387528E9">
    <skipped/>
  </testcase> <!-- @AfterMethod name -->
  <testcase classname="Module1_login_Test.PBLoginTest1" name="@AfterClass closeBrowser" time="-1.692731387534E9">
    <skipped/>
  </testcase> <!-- @AfterClass closeBrowser -->
  <testcase classname="Module1_login_Test.PBLoginTest1" name="verifyFullName" time="0.0">
    <skipped/>
  </testcase> <!-- verifyFullName -->
</testsuite> <!-- Module1 -->
